NOTE: Copyright (c) 2002-2012 by SAS Institute Inc., Cary, NC, USA.
NOTE: SAS (r) Proprietary Software 9.4 (TS1M2 DBCS3170)
      Licensed to SIMON FRASER UNIVERSITY, Site 70125321.
NOTE: This session is executing on the X64_8HOME  platform.



NOTE: Updated analytical products:

      SAS/STAT 13.2
      SAS/ETS 13.2
      SAS/OR 13.2
      SAS/IML 13.2
      SAS/QC 13.2

NOTE: Additional host information:

 X64_8HOME WIN 6.2.9200  Workstation

NOTE: SAS initialization used:
      real time           0.83 seconds
      cpu time            0.68 seconds

1    %let ressethf=202.204.172.144;
2    options comamid=TCP remote=ressethf;
3    signon ressethf username=resset password=XXXXXX;
NOTE: Remote signon to RESSETHF commencing (SAS Release 9.04.01M2P072314).
NOTE: 无法打开 SASUSER.PROFILE。系统将改为打开 WORK.PROFILE。
NOTE: 所有配置文件的更改将在会话结束后丢失。
NOTE: Copyright (c) 2002-2012 by SAS Institute Inc., Cary, NC, USA.
NOTE: SAS (r) Proprietary Software 9.4 (TS1M2 DBCS3170)
      Licensed to CNAM LICENCE CAMPUS, Site 70159246.
NOTE: 该会话正在平台 X64_S08R2  上执行。



NOTE: Updated analytical products:

      SAS/STAT 13.2
      SAS/ETS 13.2
      SAS/OR 13.2
      SAS/IML 13.2
      SAS/QC 13.2

NOTE: Additional host information:

 X64_S08R2 WIN 6.1.7601 Service Pack 1 Server

NOTE: “SAS 初始化”所用时间:
      实际时间          0.18 秒
      CPU 时间          0.23 秒

NOTE: Remote signon to RESSETHF complete.
